File: \AccessibleMarshal.dll
File: \application.ini
File: \blocklist.xml
File: \celtx.exe
File: \freebl3.chk
File: \freebl3.dll
File: \IA2Marshal.dll
File: \js3250.dll
File: \LICENSE
File: \Microsoft.VC90.CRT.manifest
File: \msvcm90.dll
File: \msvcp90.dll
File: \msvcr90.dll
File: \nspr4.dll
File: \nss3.dll
File: \nssckbi.dll
File: \nssdbm3.dll
File: \nssutil3.dll
File: \platform.ini
File: \plc4.dll
File: \plds4.dll
File: \README.txt
File: \smime3.dll
File: \softokn3.chk
File: \softokn3.dll
File: \sqlite3.dll
File: \ssl3.dll
File: \xpcom.dll
File: \xpcom_core.dll
File: \res\arrow.gif
File: \res\arrowd.gif
File: \res\broken-image.gif
File: \res\charsetalias.properties
File: \res\charsetData.properties
File: \res\contenteditable.css
File: \res\designmode.css
File: \res\EditorOverride.css
File: \res\forms.css
File: \res\grabber.gif
File: \res\hiddenWindow.html
File: \res\html.css
File: \res\langGroups.properties
File: \res\language.properties
File: \res\loading-image.gif
File: \res\mathml.css
File: \res\quirk.css
File: \res\svg.css
File: \res\table-add-column-after-active.gif
File: \res\table-add-column-after-hover.gif
File: \res\table-add-column-after.gif
File: \res\table-add-column-before-active.gif
File: \res\table-add-column-before-hover.gif
File: \res\table-add-column-before.gif
File: \res\table-add-row-after-active.gif
File: \res\table-add-row-after-hover.gif
File: \res\table-add-row-after.gif
File: \res\table-add-row-before-active.gif
File: \res\table-add-row-before-hover.gif
File: \res\table-add-row-before.gif
File: \res\table-remove-column-active.gif
File: \res\table-remove-column-hover.gif
File: \res\table-remove-column.gif
File: \res\table-remove-row-active.gif
File: \res\table-remove-row-hover.gif
File: \res\table-remove-row.gif
File: \res\ua.css
File: \res\viewsource.css
File: \res\wincharset.properties
File: \res\html\folder.png
File: \res\fonts\mathfont.properties
File: \res\fonts\mathfontStandardSymbolsL.properties
File: \res\fonts\mathfontSTIXNonUnicode.properties
File: \res\fonts\mathfontSTIXSize1.properties
File: \res\fonts\mathfontSymbol.properties
File: \res\fonts\mathfontUnicode.properties
File: \res\entityTables\html40Latin1.properties
File: \res\entityTables\html40Special.properties
File: \res\entityTables\html40Symbols.properties
File: \res\entityTables\htmlEntityVersions.properties
File: \res\entityTables\mathml20.properties
File: \res\entityTables\transliterate.properties
File: \res\dtd\mathml.dtd
File: \res\dtd\xhtml11.dtd
File: \plugins\npnul32.dll
File: \modules\debug.js
File: \modules\DownloadUtils.jsm
File: \modules\ISO8601DateUtils.jsm
File: \modules\JSON.jsm
File: \modules\Microformats.js
File: \modules\PluralForm.jsm
File: \modules\XPCOMUtils.jsm
File: \js\calAlarm.js
File: \js\calAlarmMonitor.js
File: \js\calAlarmService.js
File: \js\calAttachment.js
File: \js\calAttendee.js
File: \js\calAuthUtils.js
File: \js\calCachedCalendar.js
File: \js\calCalendarManager.js
File: \js\calCalendarSearchService.js
File: \js\calDateTimeFormatter.js
File: \js\calDavCalendar.js
File: \js\calEvent.js
File: \js\calFreeBusyService.js
File: \js\calHtmlExport.js
File: \js\calICSCalendar.js
File: \js\calIcsImportExport.js
File: \js\calIcsParser.js
File: \js\calIcsSerializer.js
File: \js\calItemBase.js
File: \js\calItipItem.js
File: \js\calItipProcessor.js
File: \js\calListFormatter.js
File: \js\calMemoryCalendar.js
File: \js\calMonthGridPrinter.js
File: \js\calOutlookCSVImportExport.js
File: \js\calProtocolHandler.js
File: \js\calProviderBase.js
File: \js\calProviderUtils.js
File: \js\calRecurrenceInfo.js
File: \js\calRelation.js
File: \js\calStorageCalendar.js
File: \js\calTimezoneService.js
File: \js\calTodo.js
File: \js\calTransactionManager.js
File: \js\calUtils.js
File: \js\calWcapCalendar.js
File: \js\calWcapCalendarItems.js
File: \js\calWcapErrors.js
File: \js\calWcapRequest.js
File: \js\calWcapSession.js
File: \js\calWcapUtils.js
File: \js\calWeekInfoService.js
File: \js\calWeekPrinter.js
File: \greprefs\all.js
File: \greprefs\security-prefs.js
File: \greprefs\xpinstall.js
File: \extensions\{972ce4c6-7e08-4474-a285-3208198ce6fd}\install.rdf
File: \extensions\inspector@mozilla.org\chrome.manifest
File: \extensions\inspector@mozilla.org\install.rdf
File: \extensions\inspector@mozilla.org\platform\WINNT\chrome\icons\default\winInspectorMain.ico
File: \extensions\inspector@mozilla.org\platform\OS2\chrome\icons\default\winInspectorMain.ico
File: \extensions\inspector@mozilla.org\platform\Linux\chrome\icons\default\winInspectorMain.xpm
File: \extensions\inspector@mozilla.org\platform\Linux\chrome\icons\default\winInspectorMain16.xpm
File: \extensions\inspector@mozilla.org\defaults\preferences\inspector.js
File: \extensions\inspector@mozilla.org\components\inspector-cmdline.js
File: \extensions\inspector@mozilla.org\chrome\inspector.jar
File: \extensions\default-palette@celtx.com\chrome.manifest
File: \extensions\default-palette@celtx.com\install.rdf
File: \extensions\default-palette@celtx.com\chrome\default-palette.jar
File: \extensions\calendar-timezones@mozilla.org\chrome.manifest
File: \extensions\calendar-timezones@mozilla.org\install.rdf
File: \extensions\calendar-timezones@mozilla.org\timezones.sqlite
File: \extensions\calendar-timezones@mozilla.org\defaults\preferences\preferences.js
File: \extensions\calendar-timezones@mozilla.org\chrome\calendar-timezones-bg.jar
File: \extensions\calendar-timezones@mozilla.org\chrome\calendar-timezones-bn-IN.jar
File: \extensions\calendar-timezones@mozilla.org\chrome\calendar-timezones-ca.jar
File: \extensions\calendar-timezones@mozilla.org\chrome\calendar-timezones-cs.jar
File: \extensions\calendar-timezones@mozilla.org\chrome\calendar-timezones-da.jar
File: \extensions\calendar-timezones@mozilla.org\chrome\calendar-timezones-de.jar
File: \extensions\calendar-timezones@mozilla.org\chrome\calendar-timezones-el.jar
File: \extensions\calendar-timezones@mozilla.org\chrome\calendar-timezones-en-US.jar
File: \extensions\calendar-timezones@mozilla.org\chrome\calendar-timezones-es-ES.jar
File: \extensions\calendar-timezones@mozilla.org\chrome\calendar-timezones-fi.jar
File: \extensions\calendar-timezones@mozilla.org\chrome\calendar-timezones-fr.jar
File: \extensions\calendar-timezones@mozilla.org\chrome\calendar-timezones-gl.jar
File: \extensions\calendar-timezones@mozilla.org\chrome\calendar-timezones-hu.jar
File: \extensions\calendar-timezones@mozilla.org\chrome\calendar-timezones-it.jar
File: \extensions\calendar-timezones@mozilla.org\chrome\calendar-timezones-ja.jar
File: \extensions\calendar-timezones@mozilla.org\chrome\calendar-timezones-ka.jar
File: \extensions\calendar-timezones@mozilla.org\chrome\calendar-timezones-lv.jar
File: \extensions\calendar-timezones@mozilla.org\chrome\calendar-timezones-mk.jar
File: \extensions\calendar-timezones@mozilla.org\chrome\calendar-timezones-nb-NO.jar
File: \extensions\calendar-timezones@mozilla.org\chrome\calendar-timezones-nl.jar
File: \extensions\calendar-timezones@mozilla.org\chrome\calendar-timezones-nn-NO.jar
File: \extensions\calendar-timezones@mozilla.org\chrome\calendar-timezones-pl.jar
File: \extensions\calendar-timezones@mozilla.org\chrome\calendar-timezones-pt-BR.jar
File: \extensions\calendar-timezones@mozilla.org\chrome\calendar-timezones-pt-PT.jar
File: \extensions\calendar-timezones@mozilla.org\chrome\calendar-timezones-ro.jar
File: \extensions\calendar-timezones@mozilla.org\chrome\calendar-timezones-ru.jar
File: \extensions\calendar-timezones@mozilla.org\chrome\calendar-timezones-sk.jar
File: \extensions\calendar-timezones@mozilla.org\chrome\calendar-timezones-sl.jar
File: \extensions\calendar-timezones@mozilla.org\chrome\calendar-timezones-sr.jar
File: \extensions\calendar-timezones@mozilla.org\chrome\calendar-timezones-sv-SE.jar
File: \extensions\calendar-timezones@mozilla.org\chrome\calendar-timezones-tr.jar
File: \extensions\calendar-timezones@mozilla.org\chrome\calendar-timezones-uk.jar
File: \extensions\calendar-timezones@mozilla.org\chrome\calendar-timezones-zh-CN.jar
File: \extensions\calendar-timezones@mozilla.org\chrome\calendar-timezones-zh-TW.jar
File: \defaults\pref\celtx.js
File: \defaults\pref\channel-prefs.js
File: \defaults\autoconfig\platform.js
File: \defaults\autoconfig\prefcalls.js
File: \components\calCompositeCalendar.js
File: \components\calDavCalendarModule.js
File: \components\calICSCalendarModule.js
File: \components\calImportExportModule.js
File: \components\calItemModule.js
File: \components\calMemoryCalendarModule.js
File: \components\calStorageCalendarModule.js
File: \components\calWcapCalendarModule.js
File: \components\celtx.xpt
File: \components\celtxLogger.js
File: \components\celtxMediaManager.js
File: \components\FeedProcessor.js
File: \components\jar50.dll
File: \components\jsconsole-clhandler.js
File: \components\jsd3250.dll
File: \components\nsAddonRepository.js
File: \components\nsBadCertHandler.js
File: \components\nsBlocklistService.js
File: \components\nsCeltxContentHandler.js
File: \components\nsCeltxProtocolHandler.js
File: \components\nsCeltxService.js
File: \components\nsContentDispatchChooser.js
File: \components\nsContentPrefService.js
File: \components\nsDefaultCLH.js
File: \components\nsDownloadManagerUI.js
File: \components\nsExtensionManager.js
File: \components\nsHandlerService.js
File: \components\nsHelperAppDlg.js
File: \components\nsLoginInfo.js
File: \components\nsLoginManager.js
File: \components\nsLoginManagerPrompter.js
File: \components\nsPostUpdateWin.js
File: \components\nsProgressDialog.js
File: \components\nsProxyAutoConfig.js
File: \components\nsTryToClose.js
File: \components\nsUpdateService.js
File: \components\nsURLFormatter.js
File: \components\nsWebHandlerApp.js
File: \components\pluginGlue.js
File: \components\storage-Legacy.js
File: \components\txEXSLTRegExFunctions.js
File: \components\xpcom.xpt
File: \components\xpinstal.dll
File: \chrome\calendar.jar
File: \chrome\calendar.manifest
File: \chrome\celtx.jar
File: \chrome\celtx.manifest
File: \chrome\classic.jar
File: \chrome\classic.manifest
File: \chrome\comm.jar
File: \chrome\comm.manifest
File: \chrome\pippki.jar
File: \chrome\pippki.manifest
File: \chrome\toolkit.jar
File: \chrome\toolkit.manifest
DLLReg: \AccessibleMarshal.dll
File: \components\compreg.dat
File: \components\xpti.dat
File: \.autoreg
File: \active-update.xml
File: \install.log
File: \install_status.log
File: \install_wizard.log
File: \updates.xml
File: \uninstall\helper.exe
File: \dictionaries\en-US.aff
File: \dictionaries\en-US.dic
File: \dictionaries\fr.aff
File: \dictionaries\fr.dic
File: \defaults\profile\localstore.rdf
File: \defaults\profile\mimeTypes.rdf
File: \defaults\profile\prefs.js
File: \defaults\profile\CeltxTemplates\1_Film.celtx
File: \defaults\profile\CeltxTemplates\2_Documentary.celtx
File: \defaults\profile\CeltxTemplates\3_Theatre.celtx
File: \defaults\profile\CeltxTemplates\4_Podcast.celtx
File: \defaults\profile\CeltxTemplates\5_Storyboard.celtx
File: \defaults\profile\CeltxTemplates\6_ComicBook.celtx
File: \defaults\profile\CeltxTemplates\7_Text.celtx
File: \defaults\profile\CeltxTemplates\ComicBook.png
File: \defaults\profile\CeltxTemplates\Documentary.png
File: \defaults\profile\CeltxTemplates\Film.png
File: \defaults\profile\CeltxTemplates\Podcast.png
File: \defaults\profile\CeltxTemplates\Storyboard.png
File: \defaults\profile\CeltxTemplates\Text.png
File: \defaults\profile\CeltxTemplates\Theatre.png
File: \defaults\profile\CeltxSamples\1_TheWizard.celtx
File: \defaults\profile\CeltxSamples\2_AVSampleProject.celtx
File: \defaults\profile\CeltxSamples\3_AudioplaySampleProject.celtx
File: \defaults\profile\CeltxSamples\4_StageplaySampleProject.celtx
File: \defaults\profile\CeltxSamples\5_ComicSampleProject.celtx
File: \defaults\profile\CeltxSamples\6_NovelSampleProject.celtx
File: \defaults\pref\celtx-l10n.js
File: \chrome\calendar-fr.jar
File: \chrome\calendar-fr.manifest
File: \chrome\fr.jar
File: \chrome\fr.manifest
File: C:\ProgramData\Microsoft\Windows\Start Menu\Programs\Celtx\Celtx.lnk
File: C:\ProgramData\Microsoft\Windows\Start Menu\Programs\Celtx\Celtx (Mode sans échec).lnk
File: C:\Users\Florian\AppData\Roaming\Microsoft\Internet Explorer\Quick Launch\Celtx.lnk
File: C:\Users\Public\Desktop\Celtx.lnk
File: \chrome\calendar-en-US.jar
File: \chrome\calendar-en-US.manifest
File: \chrome\en-US.jar
File: \chrome\en-US.manifest
File: C:\ProgramData\Microsoft\Windows\Start Menu\Programs\Celtx\Celtx (Safe Mode).lnk
File: \glib.dll
File: \purple.dll
File: \xml2.dll
File: \modules\imContentSink.jsm
File: \modules\imSmileys.jsm
File: \modules\imThemes.jsm
File: \extensions\messagestyle-minimal20@addons.instantbird.org\chrome.manifest
File: \extensions\messagestyle-minimal20@addons.instantbird.org\install.rdf
File: \extensions\messagestyle-minimal20@addons.instantbird.org\chrome\minimal20.jar
File: \extensions\messagestyle-depth@addons.instantbird.org\chrome.manifest
File: \extensions\messagestyle-depth@addons.instantbird.org\install.rdf
File: \extensions\messagestyle-depth@addons.instantbird.org\chrome\depth.jar
File: \extensions\messagestyle-blackened@addons.instantbird.org\chrome.manifest
File: \extensions\messagestyle-blackened@addons.instantbird.org\install.rdf
File: \extensions\messagestyle-blackened@addons.instantbird.org\chrome\blackened.jar
File: \extensions\emoticons-msn-smileys@m513901.de\chrome.manifest
File: \extensions\emoticons-msn-smileys@m513901.de\install.rdf
File: \extensions\emoticons-msn-smileys@m513901.de\chrome\msn-smileys.jar
File: \components\gg.dll
File: \components\irc.dll
File: \components\jabber.dll
File: \components\msn.dll
File: \components\myspace.dll
File: \components\netsoul.dll
File: \components\novell.dll
File: \components\oscar.dll
File: \components\purplexpcom.dll
File: \components\qq.dll
File: \components\simple.dll
File: \components\smileProtocolHandler.js
File: \components\yahoo.dll
File: \chrome\instantbird.jar
File: \chrome\instantbird.manifest
